# JRE version: Java(TM) SE Runtime Environment (8.0_111-b14) (build 1.8.0_111-b14)
# Java VM: Java HotSpot(TM) 64-Bit Server VM (25.111-b14 mixed mode windows-amd64 compressed oops)
Heap:
 PSYoungGen      total 76288K, used 10065K [0x000000076b400000, 0x0000000770900000, 0x00000007c0000000)
  eden space 65536K, 5% used [0x000000076b400000,0x000000076b74a4d0,0x000000076f400000)
  from space 10752K, 62% used [0x000000076fe80000,0x000000077050a150,0x0000000770900000)
  to   space 10752K, 0% used [0x000000076f400000,0x000000076f400000,0x000000076fe80000)
 ParOldGen       total 175104K, used 3182K [0x00000006c1c00000, 0x00000006cc700000, 0x000000076b400000)
  object space 175104K, 1% used [0x00000006c1c00000,0x00000006c1f1ba68,0x00000006cc700000)
 Metaspace       used 17029K, capacity 17330K, committed 17664K, reserved 1064960K
  class space    used 2105K, capacity 2185K, committed 2304K, reserved 1048576K
GC Heap History (4 events):
Event: 3.189 GC heap before
{Heap before GC invocations=1 (full 0):
 PSYoungGen      total 76288K, used 65016K [0x000000076b400000, 0x0000000770900000, 0x00000007c0000000)
  eden space 65536K, 99% used [0x000000076b400000,0x000000076f37e190,0x000000076f400000)
  from space 10752K, 0% used [0x000000076fe80000,0x000000076fe80000,0x0000000770900000)
  to   space 10752K, 0% used [0x000000076f400000,0x000000076f400000,0x000000076fe80000)
 ParOldGen       total 175104K, used 0K [0x00000006c1c00000, 0x00000006cc700000, 0x000000076b400000)
  object space 175104K, 0% used [0x00000006c1c00000,0x00000006c1c00000,0x00000006cc700000)
 Metaspace       used 16927K, capacity 17262K, committed 17664K, reserved 1064960K
  class space    used 2103K, capacity 2185K, committed 2304K, reserved 1048576K
Event: 3.195 GC heap after
Heap after GC invocations=1 (full 0):
 PSYoungGen      total 76288K, used 10720K [0x000000076b400000, 0x0000000770900000, 0x00000007c0000000)
  eden space 65536K, 0% used [0x000000076b400000,0x000000076b400000,0x000000076f400000)
  from space 10752K, 99% used [0x000000076f400000,0x000000076fe781a0,0x000000076fe80000)
  to   space 10752K, 0% used [0x000000076fe80000,0x000000076fe80000,0x0000000770900000)
 ParOldGen       total 175104K, used 3174K [0x00000006c1c00000, 0x00000006cc700000, 0x000000076b400000)
  object space 175104K, 1% used [0x00000006c1c00000,0x00000006c1f19a68,0x00000006cc700000)
 Metaspace       used 16927K, capacity 17262K, committed 17664K, reserved 1064960K
  class space    used 2103K, capacity 2185K, committed 2304K, reserved 1048576K
}
Event: 5.429 GC heap before
{Heap before GC invocations=2 (full 0):
 PSYoungGen      total 76288K, used 75860K [0x000000076b400000, 0x0000000770900000, 0x00000007c0000000)
  eden space 65536K, 99% used [0x000000076b400000,0x000000076f39d200,0x000000076f400000)
  from space 10752K, 99% used [0x000000076f400000,0x000000076fe781a0,0x000000076fe80000)
  to   space 10752K, 0% used [0x000000076fe80000,0x000000076fe80000,0x0000000770900000)
 ParOldGen       total 175104K, used 3174K [0x00000006c1c00000, 0x00000006cc700000, 0x000000076b400000)
  object space 175104K, 1% used [0x00000006c1c00000,0x00000006c1f19a68,0x00000006cc700000)
 Metaspace       used 17029K, capacity 17330K, committed 17664K, reserved 1064960K
  class space    used 2105K, capacity 2185K, committed 2304K, reserved 1048576K
Event: 5.433 GC heap after
Heap after GC invocations=2 (full 0):
 PSYoungGen      total 76288K, used 6696K [0x000000076b400000, 0x0000000770900000, 0x00000007c0000000)
  eden space 65536K, 0% used [0x000000076b400000,0x000000076b400000,0x000000076f400000)
  from space 10752K, 62% used [0x000000076fe80000,0x000000077050a150,0x0000000770900000)
  to   space 10752K, 0% used [0x000000076f400000,0x000000076f400000,0x000000076fe80000)
 ParOldGen       total 175104K, used 3182K [0x00000006c1c00000, 0x00000006cc700000, 0x000000076b400000)
  object space 175104K, 1% used [0x00000006c1c00000,0x00000006c1f1ba68,0x00000006cc700000)
 Metaspace       used 17029K, capacity 17330K, committed 17664K, reserved 1064960K
  class space    used 2105K, capacity 2185K, committed 2304K, reserved 1048576K
}

